This is pdfTeX, Version 3.1415926-1.40.10 (MiKTeX 2.8) (preloaded format=pdflatex 2010.5.24)  8 MAY 2012 23:58
entering extended mode
**port.tex

("E:\My Dropbox\Facultad\Proyecto fin de carrera\DocumentaciÛn final\Portada\po
rt.tex"
LaTeX2e <2009/09/24>
Babel <v3.8l> and hyphenation patterns for english, dumylang, nohyphenation, ge
rman, ngerman, german-x-2009-06-19, ngerman-x-2009-06-19, french, loaded.

! LaTeX Error: Environment titlepage undefined.

See the LaTeX manual or LaTeX Companion for explanation.
Type  H <return>  for immediate help.
 ...                                              
                                                  
l.4 \begin{titlepage}
                     
Your command was ignored.
Type  I <command> <return>  to replace it with another command,
or  <return>  to continue without it.


! LaTeX Error: Missing \begin{document}.

See the LaTeX manual or LaTeX Companion for explanation.
Type  H <return>  for immediate help.
 ...                                              
                                                  
l.7 \begin{center}
                  
You're in trouble here.  Try typing  <return>  to proceed.
If that doesn't work, type  X <return>  to quit.


Overfull \hbox (20.0pt too wide) in paragraph at lines 7--7
[] 
 []

! Undefined control sequence.
l.8 {\large
           \textbf{UNIVERSIDAD}}
The control sequence at the end of the top line
of your error message was never \def'ed. If you have
misspelled it (e.g., `\hobx'), type `I' and the correct
spelling (e.g., `I\hbox'). Otherwise just continue,
and I'll forget about whatever was undefined.

! Undefined control sequence.
l.9  {\large
            \textbf{DE GRANADA}}\\
The control sequence at the end of the top line
of your error message was never \def'ed. If you have
misspelled it (e.g., `\hobx'), type `I' and the correct
spelling (e.g., `I\hbox'). Otherwise just continue,
and I'll forget about whatever was undefined.


Overfull \hbox (83.84676pt too wide) in paragraph at lines 8--9
 \OT1/cmr/bx/n/10 UNIVERSIDAD 
 []


Overfull \hbox (16.37491pt too wide) in paragraph at lines 8--9
 \OT1/cmr/bx/n/10 DE 
 []


Overfull \hbox (61.24966pt too wide) in paragraph at lines 8--9
 \OT1/cmr/bx/n/10 GRANADA 
 []

! Undefined control sequence.
l.11 {\large
            \textbf {ESCUELA T√âCNICA INGENIER√çA INFORM√ÅTICA Y TELECOMUNIC...
The control sequence at the end of the top line
of your error message was never \def'ed. If you have
misspelled it (e.g., `\hobx'), type `I' and the correct
spelling (e.g., `I\hbox'). Otherwise just continue,
and I'll forget about whatever was undefined.

Missing character: There is no √ in font cmbx10!
Missing character: There is no â in font cmbx10!
Missing character: There is no √ in font cmbx10!
Missing character: There is no ç in font cmbx10!
Missing character: There is no √ in font cmbx10!
Missing character: There is no Å in font cmbx10!

Overfull \hbox (54.26358pt too wide) in paragraph at lines 11--11
 []\OT1/cmr/bx/n/10 ESCUELA 
 []


Overfull \hbox (20.13878pt too wide) in paragraph at lines 11--11
 \OT1/cmr/bx/n/10 TC- 
 []


Overfull \hbox (30.36095pt too wide) in paragraph at lines 11--11
 \OT1/cmr/bx/n/10 NICA 
 []


Overfull \hbox (17.19435pt too wide) in paragraph at lines 11--11
 \OT1/cmr/bx/n/10 IN- 
 []


Overfull \hbox (20.43044pt too wide) in paragraph at lines 11--11
 \OT1/cmr/bx/n/10 GE- 
 []


Overfull \hbox (38.2359pt too wide) in paragraph at lines 11--11
 \OT1/cmr/bx/n/10 NIERA 
 []


Overfull \hbox (17.19435pt too wide) in paragraph at lines 11--11
 \OT1/cmr/bx/n/10 IN- 
 []


Overfull \hbox (64.45798pt too wide) in paragraph at lines 11--11
 \OT1/cmr/bx/n/10 FORMTICA 
 []


Overfull \hbox (8.6944pt too wide) in paragraph at lines 11--11
 \OT1/cmr/bx/n/10 Y 
 []


Overfull \hbox (33.86092pt too wide) in paragraph at lines 11--11
 \OT1/cmr/bx/n/10 TELE- 
 []


Overfull \hbox (20.77766pt too wide) in paragraph at lines 11--11
 \OT1/cmr/bx/n/10 CO- 
 []


Overfull \hbox (23.59709pt too wide) in paragraph at lines 11--11
 \OT1/cmr/bx/n/10 MU- 
 []


Overfull \hbox (17.19435pt too wide) in paragraph at lines 11--11
 \OT1/cmr/bx/n/10 NI- 
 []


Overfull \hbox (20.83322pt too wide) in paragraph at lines 11--11
 \OT1/cmr/bx/n/10 CA- 
 []


Overfull \hbox (44.24976pt too wide) in paragraph at lines 11--11
 \OT1/cmr/bx/n/10 CIONES 
 []

! Undefined control sequence.
l.13 {\large
            \textbf{INGENIER√çA EN INFORM√ÅTICA}}\\
The control sequence at the end of the top line
of your error message was never \def'ed. If you have
misspelled it (e.g., `\hobx'), type `I' and the correct
spelling (e.g., `I\hbox'). Otherwise just continue,
and I'll forget about whatever was undefined.

Missing character: There is no √ in font cmbx10!
Missing character: There is no ç in font cmbx10!
Missing character: There is no √ in font cmbx10!
Missing character: There is no Å in font cmbx10!

Overfull \hbox (68.19406pt too wide) in paragraph at lines 13--13
 []\OT1/cmr/bx/n/10 INGENIERA 
 []


Overfull \hbox (16.55547pt too wide) in paragraph at lines 13--13
 \OT1/cmr/bx/n/10 EN 
 []


Overfull \hbox (17.19435pt too wide) in paragraph at lines 13--13
 \OT1/cmr/bx/n/10 IN- 
 []


Overfull \hbox (64.45798pt too wide) in paragraph at lines 13--13
 \OT1/cmr/bx/n/10 FORMTICA 
 []

! Undefined control sequence.
l.14 {\large
            \textbf {ARQUITECTURA Y TECNOLOG√çA DE LOS COMPUTADORES}}
The control sequence at the end of the top line
of your error message was never \def'ed. If you have
misspelled it (e.g., `\hobx'), type `I' and the correct
spelling (e.g., `I\hbox'). Otherwise just continue,
and I'll forget about whatever was undefined.

Missing character: There is no √ in font cmbx10!
Missing character: There is no ç in font cmbx10!

Overfull \hbox (96.87445pt too wide) in paragraph at lines 14--15
 []\OT1/cmr/bx/n/10 ARQUITECTURA 
 []


Overfull \hbox (8.6944pt too wide) in paragraph at lines 14--15
 \OT1/cmr/bx/n/10 Y 
 []


Overfull \hbox (27.69429pt too wide) in paragraph at lines 14--15
 \OT1/cmr/bx/n/10 TEC- 
 []


Overfull \hbox (50.93027pt too wide) in paragraph at lines 14--15
 \OT1/cmr/bx/n/10 NOLOGA 
 []


Overfull \hbox (16.37491pt too wide) in paragraph at lines 14--15
 \OT1/cmr/bx/n/10 DE 
 []


Overfull \hbox (21.94432pt too wide) in paragraph at lines 14--15
 \OT1/cmr/bx/n/10 LOS 
 []


Overfull \hbox (31.69427pt too wide) in paragraph at lines 14--15
 \OT1/cmr/bx/n/10 COM- 
 []


Overfull \hbox (36.27757pt too wide) in paragraph at lines 14--15
 \OT1/cmr/bx/n/10 PUTA- 
 []


Overfull \hbox (40.02756pt too wide) in paragraph at lines 14--15
 \OT1/cmr/bx/n/10 DORES 
 []


! LaTeX Error: Environment figure undefined.

See the LaTeX manual or LaTeX Companion for explanation.
Type  H <return>  for immediate help.
 ...                                              
                                                  
l.18 \begin{figure}
                   [here]
Your command was ignored.
Type  I <command> <return>  to replace it with another command,
or  <return>  to continue without it.

Missing character: There is no [ in font nullfont!
Missing character: There is no h in font nullfont!
Missing character: There is no e in font nullfont!
Missing character: There is no r in font nullfont!
Missing character: There is no e in font nullfont!
Missing character: There is no ] in font nullfont!
! Undefined control sequence.
l.21 \includegraphics
                     [scale=0.3]{Portada/fig/escudo_ugr.png}
The control sequence at the end of the top line
of your error message was never \def'ed. If you have
misspelled it (e.g., `\hobx'), type `I' and the correct
spelling (e.g., `I\hbox'). Otherwise just continue,
and I'll forget about whatever was undefined.

Missing character: There is no [ in font nullfont!
Missing character: There is no s in font nullfont!
Missing character: There is no c in font nullfont!
Missing character: There is no a in font nullfont!
Missing character: There is no l in font nullfont!
Missing character: There is no e in font nullfont!
Missing character: There is no = in font nullfont!
Missing character: There is no 0 in font nullfont!
Missing character: There is no . in font nullfont!
Missing character: There is no 3 in font nullfont!
Missing character: There is no ] in font nullfont!
Missing character: There is no P in font nullfont!
Missing character: There is no o in font nullfont!
Missing character: There is no r in font nullfont!
Missing character: There is no t in font nullfont!
Missing character: There is no a in font nullfont!
Missing character: There is no d in font nullfont!
Missing character: There is no a in font nullfont!
Missing character: There is no / in font nullfont!
Missing character: There is no f in font nullfont!
Missing character: There is no i in font nullfont!
Missing character: There is no g in font nullfont!
Missing character: There is no / in font nullfont!
Missing character: There is no e in font nullfont!
Missing character: There is no s in font nullfont!
Missing character: There is no c in font nullfont!
Missing character: There is no u in font nullfont!
Missing character: There is no d in font nullfont!
Missing character: There is no o in font nullfont!
! Missing $ inserted.
<inserted text> 
                $
l.21 ...udegraphics[scale=0.3]{Portada/fig/escudo_
                                                  ugr.png}
I've inserted a begin-math/end-math symbol since I think
you left one out. Proceed, with fingers crossed.

LaTeX Font Info:    External font `cmex10' loaded for size
(Font)              <7> on input line 21.
LaTeX Font Info:    External font `cmex10' loaded for size
(Font)              <5> on input line 21.
! Extra }, or forgotten $.
l.21 ...ics[scale=0.3]{Portada/fig/escudo_ugr.png}
                                                  
I've deleted a group-closing symbol because it seems to be
spurious, as in `$x}$'. But perhaps the } is legitimate and
you forgot something else, as in `\hbox{$x}'. In such cases
the way to recover is to insert both the forgotten and the
deleted material, e.g., by typing `I$}'.

! Undefined control sequence.
l.22 \includegraphics
                     [scale=0.3]{Portada/fig/logo_atc.gif}
The control sequence at the end of the top line
of your error message was never \def'ed. If you have
misspelled it (e.g., `\hobx'), type `I' and the correct
spelling (e.g., `I\hbox'). Otherwise just continue,
and I'll forget about whatever was undefined.


! LaTeX Error: \begin{document} ended by \end{figure}.

See the LaTeX manual or LaTeX Companion for explanation.
Type  H <return>  for immediate help.
 ...                                              
                                                  
l.23 \end{figure}
                 
Your command was ignored.
Type  I <command> <return>  to replace it with another command,
or  <return>  to continue without it.

! Missing $ inserted.
<inserted text> 
                $
l.23 \end{figure}
                 
I've inserted something that you may have forgotten.
(See the <inserted text> above.)
With luck, this will get me unwedged. But if you
really didn't forget anything, try typing `2' now; then
my insertion and my current dilemma will both disappear.

! Missing } inserted.
<inserted text> 
                }
l.23 \end{figure}
                 
I've inserted something that you may have forgotten.
(See the <inserted text> above.)
With luck, this will get me unwedged. But if you
really didn't forget anything, try typing `2' now; then
my insertion and my current dilemma will both disappear.


Overfull \hbox (20.0pt too wide) in paragraph at lines 18--24
[]
 []


Overfull \hbox (69.00127pt too wide) in paragraph at lines 18--24
$[]\OML/cmm/m/it/10 gr:png\OT1/cmr/m/n/10 [\OML/cmm/m/it/10 scale \OT1/cmr/m/n/
10 =$
 []


Overfull \hbox (125.03833pt too wide) in paragraph at lines 18--24
$\OT1/cmr/m/n/10 0\OML/cmm/m/it/10 :\OT1/cmr/m/n/10 3][]$ 
 []


Overfull \hbox (20.0pt too wide) in paragraph at lines 26--26
[] 
 []

! Undefined control sequence.
l.27 {\large
            \textbf {PROYECTO FINAL DE CARRERA}}\\ \vspace{1.5cm}
The control sequence at the end of the top line
of your error message was never \def'ed. If you have
misspelled it (e.g., `\hobx'), type `I' and the correct
spelling (e.g., `I\hbox'). Otherwise just continue,
and I'll forget about whatever was undefined.


Overfull \hbox (65.68019pt too wide) in paragraph at lines 27--27
 \OT1/cmr/bx/n/10 PROYECTO 
 []


Overfull \hbox (15.43047pt too wide) in paragraph at lines 27--27
 \OT1/cmr/bx/n/10 FI- 
 []


Overfull \hbox (24.61098pt too wide) in paragraph at lines 27--27
 \OT1/cmr/bx/n/10 NAL 
 []


Overfull \hbox (16.37491pt too wide) in paragraph at lines 27--27
 \OT1/cmr/bx/n/10 DE 
 []


Overfull \hbox (29.45818pt too wide) in paragraph at lines 27--27
 \OT1/cmr/bx/n/10 CAR- 
 []


Overfull \hbox (33.49982pt too wide) in paragraph at lines 27--27
 \OT1/cmr/bx/n/10 RERA 
 []

! Undefined control sequence.
l.29 {\Large
             \bf DISE√ëO EVOLUTIVO DE IA}\\ \vspace{0.2cm}
The control sequence at the end of the top line
of your error message was never \def'ed. If you have
misspelled it (e.g., `\hobx'), type `I' and the correct
spelling (e.g., `I\hbox'). Otherwise just continue,
and I'll forget about whatever was undefined.

! Undefined control sequence.
l.29 {\Large \bf
                 DISE√ëO EVOLUTIVO DE IA}\\ \vspace{0.2cm}
The control sequence at the end of the top line
of your error message was never \def'ed. If you have
misspelled it (e.g., `\hobx'), type `I' and the correct
spelling (e.g., `I\hbox'). Otherwise just continue,
and I'll forget about whatever was undefined.

Missing character: There is no D in font nullfont!
Missing character: There is no I in font nullfont!
Missing character: There is no S in font nullfont!
Missing character: There is no E in font nullfont!
Missing character: There is no √ in font nullfont!
Missing character: There is no ë in font nullfont!
Missing character: There is no O in font nullfont!
Missing character: There is no E in font nullfont!
Missing character: There is no V in font nullfont!
Missing character: There is no O in font nullfont!
Missing character: There is no L in font nullfont!
Missing character: There is no U in font nullfont!
Missing character: There is no T in font nullfont!
Missing character: There is no I in font nullfont!
Missing character: There is no V in font nullfont!
Missing character: There is no O in font nullfont!
Missing character: There is no D in font nullfont!
Missing character: There is no E in font nullfont!
Missing character: There is no I in font nullfont!
Missing character: There is no A in font nullfont!
! Undefined control sequence.
l.30 {\Large
             \bf PARA JUEGOS DE ESTRATEGIA EN TIEMPO REAL}\\ \vspace{3.5cm}
The control sequence at the end of the top line
of your error message was never \def'ed. If you have
misspelled it (e.g., `\hobx'), type `I' and the correct
spelling (e.g., `I\hbox'). Otherwise just continue,
and I'll forget about whatever was undefined.

! Undefined control sequence.
l.30 {\Large \bf
                 PARA JUEGOS DE ESTRATEGIA EN TIEMPO REAL}\\ \vspace{3.5cm}
The control sequence at the end of the top line
of your error message was never \def'ed. If you have
misspelled it (e.g., `\hobx'), type `I' and the correct
spelling (e.g., `I\hbox'). Otherwise just continue,
and I'll forget about whatever was undefined.

Missing character: There is no P in font nullfont!
Missing character: There is no A in font nullfont!
Missing character: There is no R in font nullfont!
Missing character: There is no A in font nullfont!
Missing character: There is no J in font nullfont!
Missing character: There is no U in font nullfont!
Missing character: There is no E in font nullfont!
Missing character: There is no G in font nullfont!
Missing character: There is no O in font nullfont!
Missing character: There is no S in font nullfont!
Missing character: There is no D in font nullfont!
Missing character: There is no E in font nullfont!
Missing character: There is no E in font nullfont!
Missing character: There is no S in font nullfont!
Missing character: There is no T in font nullfont!
Missing character: There is no R in font nullfont!
Missing character: There is no A in font nullfont!
Missing character: There is no T in font nullfont!
Missing character: There is no E in font nullfont!
Missing character: There is no G in font nullfont!
Missing character: There is no I in font nullfont!
Missing character: There is no A in font nullfont!
Missing character: There is no E in font nullfont!
Missing character: There is no N in font nullfont!
Missing character: There is no T in font nullfont!
Missing character: There is no I in font nullfont!
Missing character: There is no E in font nullfont!
Missing character: There is no M in font nullfont!
Missing character: There is no P in font nullfont!
Missing character: There is no O in font nullfont!
Missing character: There is no R in font nullfont!
Missing character: There is no E in font nullfont!
Missing character: There is no A in font nullfont!
Missing character: There is no L in font nullfont!

! LaTeX Error: Environment table undefined.

See the LaTeX manual or LaTeX Companion for explanation.
Type  H <return>  for immediate help.
 ...                                              
                                                  
l.34 \begin{table}
                  [h]
Your command was ignored.
Type  I <command> <return>  to replace it with another command,
or  <return>  to continue without it.

Missing character: There is no [ in font nullfont!
Missing character: There is no h in font nullfont!
Missing character: There is no ] in font nullfont!

Overfull \hbox (20.0pt too wide) in paragraph at lines 34--35
[] 
 []

Missing character: There is no √ in font cmbx10!
Missing character: There is no Å in font cmbx10!
Missing character: There is no √ in font cmbx10!
Missing character: There is no Å in font cmbx10!
Missing character: There is no √ in font cmbx10!
Missing character: There is no Å in font cmbx10!

Overfull \hbox (268.76244pt too wide) in paragraph at lines 36--41
 []
 []


! LaTeX Error: \begin{document} ended by \end{table}.

See the LaTeX manual or LaTeX Companion for explanation.
Type  H <return>  for immediate help.
 ...                                              
                                                  
l.42 \end{table}
                
Your command was ignored.
Type  I <command> <return>  to replace it with another command,
or  <return>  to continue without it.

! Undefined control sequence.
l.44 {\large
             \textbf{9 de mayo de 2012}}
The control sequence at the end of the top line
of your error message was never \def'ed. If you have
misspelled it (e.g., `\hobx'), type `I' and the correct
spelling (e.g., `I\hbox'). Otherwise just continue,
and I'll forget about whatever was undefined.


Overfull \hbox (5.74997pt too wide) in paragraph at lines 44--45
 \OT1/cmr/bx/n/10 9
 []


Overfull \hbox (11.65967pt too wide) in paragraph at lines 44--45
 \OT1/cmr/bx/n/10 de
 []


Overfull \hbox (26.354pt too wide) in paragraph at lines 44--45
 \OT1/cmr/bx/n/10 mayo
 []


Overfull \hbox (11.65967pt too wide) in paragraph at lines 44--45
 \OT1/cmr/bx/n/10 de
 []


Overfull \hbox (22.99988pt too wide) in paragraph at lines 44--45
 \OT1/cmr/bx/n/10 2012
 []


! LaTeX Error: \begin{document} ended by \end{titlepage}.

See the LaTeX manual or LaTeX Companion for explanation.
Type  H <return>  for immediate help.
 ...                                              
                                                  
l.47 \end{titlepage}
                    
Your command was ignored.
Type  I <command> <return>  to replace it with another command,
or  <return>  to continue without it.

)
! Emergency stop.
<*> port.tex
            
*** (job aborted, no legal \end found)

 
Here is how much of TeX's memory you used:
 18 strings out of 495285
 399 string characters out of 3179872
 47037 words of memory out of 3000000
 3316 multiletter control sequences out of 15000+200000
 3948 words of font info for 15 fonts, out of 3000000 for 9000
 14 hyphenation exceptions out of 8191
 18i,7n,12p,109b,197s stack positions out of 5000i,500n,10000p,200000b,50000s
!  ==> Fatal error occurred, no output PDF file produced!
